<?xml version="1.0" encoding="UTF-8"?>
<testsuite xmlns:xsi="http://www.w3.org/2001/XMLSchema-instance" xsi:noNamespaceSchemaLocation="https://maven.apache.org/surefire/maven-surefire-plugin/xsd/surefire-test-report-3.0.xsd" version="3.0" name="com.example.demo.CalculatorTest" time="0.059" tests="3" errors="0" skipped="0" failures="3">
  <properties>
    <property name="java.specification.version" value="17"/>
    <property name="sun.jnu.encoding" value="UTF-8"/>
    <property name="java.class.path" value="/Users/natalia.hernandez@digitalfemsa.com/Library/CloudStorage/OneDrive-Digital@FEMSA/Proyectos/101 Bootcamp ironhack/demo/target/test-classes:/Users/natalia.hernandez@digitalfemsa.com/Library/CloudStorage/OneDrive-Digital@FEMSA/Proyectos/101 Bootcamp ironhack/demo/target/classes:/Users/natalia.hernandez@digitalfemsa.com/.m2/repository/org/springframework/boot/spring-boot-starter-web/3.3.5/spring-boot-starter-web-3.3.5.jar:/Users/natalia.hernandez@digitalfemsa.com/.m2/repository/org/springframework/boot/spring-boot-starter/3.3.5/spring-boot-starter-3.3.5.jar:/Users/natalia.hernandez@digitalfemsa.com/.m2/repository/org/springframework/boot/spring-boot/3.3.5/spring-boot-3.3.5.jar:/Users/natalia.hernandez@digitalfemsa.com/.m2/repository/org/springframework/boot/spring-boot-autoconfigure/3.3.5/spring-boot-autoconfigure-3.3.5.jar:/Users/natalia.hernandez@digitalfemsa.com/.m2/repository/org/springframework/boot/spring-boot-starter-logging/3.3.5/spring-boot-starter-logging-3.3.5.jar:/Users/natalia.hernandez@digitalfemsa.com/.m2/repository/ch/qos/logback/logback-classic/1.5.11/logback-classic-1.5.11.jar:/Users/natalia.hernandez@digitalfemsa.com/.m2/repository/ch/qos/logback/logback-core/1.5.11/logback-core-1.5.11.jar:/Users/natalia.hernandez@digitalfemsa.com/.m2/repository/org/apache/logging/log4j/log4j-to-slf4j/2.23.1/log4j-to-slf4j-2.23.1.jar:/Users/natalia.hernandez@digitalfemsa.com/.m2/repository/org/apache/logging/log4j/log4j-api/2.23.1/log4j-api-2.23.1.jar:/Users/natalia.hernandez@digitalfemsa.com/.m2/repository/org/slf4j/jul-to-slf4j/2.0.16/jul-to-slf4j-2.0.16.jar:/Users/natalia.hernandez@digitalfemsa.com/.m2/repository/jakarta/annotation/jakarta.annotation-api/2.1.1/jakarta.annotation-api-2.1.1.jar:/Users/natalia.hernandez@digitalfemsa.com/.m2/repository/org/yaml/snakeyaml/2.2/snakeyaml-2.2.jar:/Users/natalia.hernandez@digitalfemsa.com/.m2/repository/org/springframework/boot/spring-boot-starter-json/3.3.5/spring-boot-starter-json-3.3.5.jar:/Users/natalia.hernandez@digitalfemsa.com/.m2/repository/com/fasterxml/jackson/core/jackson-databind/2.17.2/jackson-databind-2.17.2.jar:/Users/natalia.hernandez@digitalfemsa.com/.m2/repository/com/fasterxml/jackson/core/jackson-annotations/2.17.2/jackson-annotations-2.17.2.jar:/Users/natalia.hernandez@digitalfemsa.com/.m2/repository/com/fasterxml/jackson/core/jackson-core/2.17.2/jackson-core-2.17.2.jar:/Users/natalia.hernandez@digitalfemsa.com/.m2/repository/com/fasterxml/jackson/datatype/jackson-datatype-jdk8/2.17.2/jackson-datatype-jdk8-2.17.2.jar:/Users/natalia.hernandez@digitalfemsa.com/.m2/repository/com/fasterxml/jackson/datatype/jackson-datatype-jsr310/2.17.2/jackson-datatype-jsr310-2.17.2.jar:/Users/natalia.hernandez@digitalfemsa.com/.m2/repository/com/fasterxml/jackson/module/jackson-module-parameter-names/2.17.2/jackson-module-parameter-names-2.17.2.jar:/Users/natalia.hernandez@digitalfemsa.com/.m2/repository/org/springframework/boot/spring-boot-starter-tomcat/3.3.5/spring-boot-starter-tomcat-3.3.5.jar:/Users/natalia.hernandez@digitalfemsa.com/.m2/repository/org/apache/tomcat/embed/tomcat-embed-core/10.1.31/tomcat-embed-core-10.1.31.jar:/Users/natalia.hernandez@digitalfemsa.com/.m2/repository/org/apache/tomcat/embed/tomcat-embed-el/10.1.31/tomcat-embed-el-10.1.31.jar:/Users/natalia.hernandez@digitalfemsa.com/.m2/repository/org/apache/tomcat/embed/tomcat-embed-websocket/10.1.31/tomcat-embed-websocket-10.1.31.jar:/Users/natalia.hernandez@digitalfemsa.com/.m2/repository/org/springframework/spring-web/6.1.14/spring-web-6.1.14.jar:/Users/natalia.hernandez@digitalfemsa.com/.m2/repository/org/springframework/spring-beans/6.1.14/spring-beans-6.1.14.jar:/Users/natalia.hernandez@digitalfemsa.com/.m2/repository/io/micrometer/micrometer-observation/1.13.6/micrometer-observation-1.13.6.jar:/Users/natalia.hernandez@digitalfemsa.com/.m2/repository/io/micrometer/micrometer-commons/1.13.6/micrometer-commons-1.13.6.jar:/Users/natalia.hernandez@digitalfemsa.com/.m2/repository/org/springframework/spring-webmvc/6.1.14/spring-webmvc-6.1.14.jar:/Users/natalia.hernandez@digitalfemsa.com/.m2/repository/org/springframework/spring-aop/6.1.14/spring-aop-6.1.14.jar:/Users/natalia.hernandez@digitalfemsa.com/.m2/repository/org/springframework/spring-context/6.1.14/spring-context-6.1.14.jar:/Users/natalia.hernandez@digitalfemsa.com/.m2/repository/org/springframework/spring-expression/6.1.14/spring-expression-6.1.14.jar:/Users/natalia.hernandez@digitalfemsa.com/.m2/repository/org/projectlombok/lombok/1.18.34/lombok-1.18.34.jar:/Users/natalia.hernandez@digitalfemsa.com/.m2/repository/org/springframework/boot/spring-boot-starter-test/3.3.5/spring-boot-starter-test-3.3.5.jar:/Users/natalia.hernandez@digitalfemsa.com/.m2/repository/org/springframework/boot/spring-boot-test/3.3.5/spring-boot-test-3.3.5.jar:/Users/natalia.hernandez@digitalfemsa.com/.m2/repository/org/springframework/boot/spring-boot-test-autoconfigure/3.3.5/spring-boot-test-autoconfigure-3.3.5.jar:/Users/natalia.hernandez@digitalfemsa.com/.m2/repository/com/jayway/jsonpath/json-path/2.9.0/json-path-2.9.0.jar:/Users/natalia.hernandez@digitalfemsa.com/.m2/repository/org/slf4j/slf4j-api/2.0.16/slf4j-api-2.0.16.jar:/Users/natalia.hernandez@digitalfemsa.com/.m2/repository/jakarta/xml/bind/jakarta.xml.bind-api/4.0.2/jakarta.xml.bind-api-4.0.2.jar:/Users/natalia.hernandez@digitalfemsa.com/.m2/repository/jakarta/activation/jakarta.activation-api/2.1.3/jakarta.activation-api-2.1.3.jar:/Users/natalia.hernandez@digitalfemsa.com/.m2/repository/net/minidev/json-smart/2.5.1/json-smart-2.5.1.jar:/Users/natalia.hernandez@digitalfemsa.com/.m2/repository/net/minidev/accessors-smart/2.5.1/accessors-smart-2.5.1.jar:/Users/natalia.hernandez@digitalfemsa.com/.m2/repository/org/ow2/asm/asm/9.6/asm-9.6.jar:/Users/natalia.hernandez@digitalfemsa.com/.m2/repository/org/assertj/assertj-core/3.25.3/assertj-core-3.25.3.jar:/Users/natalia.hernandez@digitalfemsa.com/.m2/repository/net/bytebuddy/byte-buddy/1.14.19/byte-buddy-1.14.19.jar:/Users/natalia.hernandez@digitalfemsa.com/.m2/repository/org/awaitility/awaitility/4.2.2/awaitility-4.2.2.jar:/Users/natalia.hernandez@digitalfemsa.com/.m2/repository/org/hamcrest/hamcrest/2.2/hamcrest-2.2.jar:/Users/natalia.hernandez@digitalfemsa.com/.m2/repository/org/junit/jupiter/junit-jupiter/5.10.5/junit-jupiter-5.10.5.jar:/Users/natalia.hernandez@digitalfemsa.com/.m2/repository/org/junit/jupiter/junit-jupiter-api/5.10.5/junit-jupiter-api-5.10.5.jar:/Users/natalia.hernandez@digitalfemsa.com/.m2/repository/org/opentest4j/opentest4j/1.3.0/opentest4j-1.3.0.jar:/Users/natalia.hernandez@digitalfemsa.com/.m2/repository/org/junit/platform/junit-platform-commons/1.10.5/junit-platform-commons-1.10.5.jar:/Users/natalia.hernandez@digitalfemsa.com/.m2/repository/org/apiguardian/apiguardian-api/1.1.2/apiguardian-api-1.1.2.jar:/Users/natalia.hernandez@digitalfemsa.com/.m2/repository/org/junit/jupiter/junit-jupiter-params/5.10.5/junit-jupiter-params-5.10.5.jar:/Users/natalia.hernandez@digitalfemsa.com/.m2/repository/org/junit/jupiter/junit-jupiter-engine/5.10.5/junit-jupiter-engine-5.10.5.jar:/Users/natalia.hernandez@digitalfemsa.com/.m2/repository/org/junit/platform/junit-platform-engine/1.10.5/junit-platform-engine-1.10.5.jar:/Users/natalia.hernandez@digitalfemsa.com/.m2/repository/org/mockito/mockito-core/5.11.0/mockito-core-5.11.0.jar:/Users/natalia.hernandez@digitalfemsa.com/.m2/repository/net/bytebuddy/byte-buddy-agent/1.14.19/byte-buddy-agent-1.14.19.jar:/Users/natalia.hernandez@digitalfemsa.com/.m2/repository/org/objenesis/objenesis/3.3/objenesis-3.3.jar:/Users/natalia.hernandez@digitalfemsa.com/.m2/repository/org/mockito/mockito-junit-jupiter/5.11.0/mockito-junit-jupiter-5.11.0.jar:/Users/natalia.hernandez@digitalfemsa.com/.m2/repository/org/skyscreamer/jsonassert/1.5.3/jsonassert-1.5.3.jar:/Users/natalia.hernandez@digitalfemsa.com/.m2/repository/com/vaadin/external/google/android-json/0.0.20131108.vaadin1/android-json-0.0.20131108.vaadin1.jar:/Users/natalia.hernandez@digitalfemsa.com/.m2/repository/org/springframework/spring-core/6.1.14/spring-core-6.1.14.jar:/Users/natalia.hernandez@digitalfemsa.com/.m2/repository/org/springframework/spring-jcl/6.1.14/spring-jcl-6.1.14.jar:/Users/natalia.hernandez@digitalfemsa.com/.m2/repository/org/springframework/spring-test/6.1.14/spring-test-6.1.14.jar:/Users/natalia.hernandez@digitalfemsa.com/.m2/repository/org/xmlunit/xmlunit-core/2.9.1/xmlunit-core-2.9.1.jar:"/>
    <property name="java.vm.vendor" value="Oracle Corporation"/>
    <property name="sun.arch.data.model" value="64"/>
    <property name="java.vendor.url" value="https://java.oracle.com/"/>
    <property name="os.name" value="Mac OS X"/>
    <property name="java.vm.specification.version" value="17"/>
    <property name="sun.java.launcher" value="SUN_STANDARD"/>
    <property name="user.country" value="MX"/>
    <property name="sun.boot.library.path" value="/Library/Java/JavaVirtualMachines/jdk-17.jdk/Contents/Home/lib"/>
    <property name="sun.java.command" value="/Users/natalia.hernandez@digitalfemsa.com/Library/CloudStorage/OneDrive-Digital@FEMSA/Proyectos/101 Bootcamp ironhack/demo/target/surefire/surefirebooter-20241030191611583_3.jar /Users/natalia.hernandez@digitalfemsa.com/Library/CloudStorage/OneDrive-Digital@FEMSA/Proyectos/101 Bootcamp ironhack/demo/target/surefire 2024-10-30T19-16-11_522-jvmRun1 surefire-20241030191611583_1tmp surefire_0-20241030191611583_2tmp"/>
    <property name="jdk.debug" value="release"/>
    <property name="surefire.test.class.path" value="/Users/natalia.hernandez@digitalfemsa.com/Library/CloudStorage/OneDrive-Digital@FEMSA/Proyectos/101 Bootcamp ironhack/demo/target/test-classes:/Users/natalia.hernandez@digitalfemsa.com/Library/CloudStorage/OneDrive-Digital@FEMSA/Proyectos/101 Bootcamp ironhack/demo/target/classes:/Users/natalia.hernandez@digitalfemsa.com/.m2/repository/org/springframework/boot/spring-boot-starter-web/3.3.5/spring-boot-starter-web-3.3.5.jar:/Users/natalia.hernandez@digitalfemsa.com/.m2/repository/org/springframework/boot/spring-boot-starter/3.3.5/spring-boot-starter-3.3.5.jar:/Users/natalia.hernandez@digitalfemsa.com/.m2/repository/org/springframework/boot/spring-boot/3.3.5/spring-boot-3.3.5.jar:/Users/natalia.hernandez@digitalfemsa.com/.m2/repository/org/springframework/boot/spring-boot-autoconfigure/3.3.5/spring-boot-autoconfigure-3.3.5.jar:/Users/natalia.hernandez@digitalfemsa.com/.m2/repository/org/springframework/boot/spring-boot-starter-logging/3.3.5/spring-boot-starter-logging-3.3.5.jar:/Users/natalia.hernandez@digitalfemsa.com/.m2/repository/ch/qos/logback/logback-classic/1.5.11/logback-classic-1.5.11.jar:/Users/natalia.hernandez@digitalfemsa.com/.m2/repository/ch/qos/logback/logback-core/1.5.11/logback-core-1.5.11.jar:/Users/natalia.hernandez@digitalfemsa.com/.m2/repository/org/apache/logging/log4j/log4j-to-slf4j/2.23.1/log4j-to-slf4j-2.23.1.jar:/Users/natalia.hernandez@digitalfemsa.com/.m2/repository/org/apache/logging/log4j/log4j-api/2.23.1/log4j-api-2.23.1.jar:/Users/natalia.hernandez@digitalfemsa.com/.m2/repository/org/slf4j/jul-to-slf4j/2.0.16/jul-to-slf4j-2.0.16.jar:/Users/natalia.hernandez@digitalfemsa.com/.m2/repository/jakarta/annotation/jakarta.annotation-api/2.1.1/jakarta.annotation-api-2.1.1.jar:/Users/natalia.hernandez@digitalfemsa.com/.m2/repository/org/yaml/snakeyaml/2.2/snakeyaml-2.2.jar:/Users/natalia.hernandez@digitalfemsa.com/.m2/repository/org/springframework/boot/spring-boot-starter-json/3.3.5/spring-boot-starter-json-3.3.5.jar:/Users/natalia.hernandez@digitalfemsa.com/.m2/repository/com/fasterxml/jackson/core/jackson-databind/2.17.2/jackson-databind-2.17.2.jar:/Users/natalia.hernandez@digitalfemsa.com/.m2/repository/com/fasterxml/jackson/core/jackson-annotations/2.17.2/jackson-annotations-2.17.2.jar:/Users/natalia.hernandez@digitalfemsa.com/.m2/repository/com/fasterxml/jackson/core/jackson-core/2.17.2/jackson-core-2.17.2.jar:/Users/natalia.hernandez@digitalfemsa.com/.m2/repository/com/fasterxml/jackson/datatype/jackson-datatype-jdk8/2.17.2/jackson-datatype-jdk8-2.17.2.jar:/Users/natalia.hernandez@digitalfemsa.com/.m2/repository/com/fasterxml/jackson/datatype/jackson-datatype-jsr310/2.17.2/jackson-datatype-jsr310-2.17.2.jar:/Users/natalia.hernandez@digitalfemsa.com/.m2/repository/com/fasterxml/jackson/module/jackson-module-parameter-names/2.17.2/jackson-module-parameter-names-2.17.2.jar:/Users/natalia.hernandez@digitalfemsa.com/.m2/repository/org/springframework/boot/spring-boot-starter-tomcat/3.3.5/spring-boot-starter-tomcat-3.3.5.jar:/Users/natalia.hernandez@digitalfemsa.com/.m2/repository/org/apache/tomcat/embed/tomcat-embed-core/10.1.31/tomcat-embed-core-10.1.31.jar:/Users/natalia.hernandez@digitalfemsa.com/.m2/repository/org/apache/tomcat/embed/tomcat-embed-el/10.1.31/tomcat-embed-el-10.1.31.jar:/Users/natalia.hernandez@digitalfemsa.com/.m2/repository/org/apache/tomcat/embed/tomcat-embed-websocket/10.1.31/tomcat-embed-websocket-10.1.31.jar:/Users/natalia.hernandez@digitalfemsa.com/.m2/repository/org/springframework/spring-web/6.1.14/spring-web-6.1.14.jar:/Users/natalia.hernandez@digitalfemsa.com/.m2/repository/org/springframework/spring-beans/6.1.14/spring-beans-6.1.14.jar:/Users/natalia.hernandez@digitalfemsa.com/.m2/repository/io/micrometer/micrometer-observation/1.13.6/micrometer-observation-1.13.6.jar:/Users/natalia.hernandez@digitalfemsa.com/.m2/repository/io/micrometer/micrometer-commons/1.13.6/micrometer-commons-1.13.6.jar:/Users/natalia.hernandez@digitalfemsa.com/.m2/repository/org/springframework/spring-webmvc/6.1.14/spring-webmvc-6.1.14.jar:/Users/natalia.hernandez@digitalfemsa.com/.m2/repository/org/springframework/spring-aop/6.1.14/spring-aop-6.1.14.jar:/Users/natalia.hernandez@digitalfemsa.com/.m2/repository/org/springframework/spring-context/6.1.14/spring-context-6.1.14.jar:/Users/natalia.hernandez@digitalfemsa.com/.m2/repository/org/springframework/spring-expression/6.1.14/spring-expression-6.1.14.jar:/Users/natalia.hernandez@digitalfemsa.com/.m2/repository/org/projectlombok/lombok/1.18.34/lombok-1.18.34.jar:/Users/natalia.hernandez@digitalfemsa.com/.m2/repository/org/springframework/boot/spring-boot-starter-test/3.3.5/spring-boot-starter-test-3.3.5.jar:/Users/natalia.hernandez@digitalfemsa.com/.m2/repository/org/springframework/boot/spring-boot-test/3.3.5/spring-boot-test-3.3.5.jar:/Users/natalia.hernandez@digitalfemsa.com/.m2/repository/org/springframework/boot/spring-boot-test-autoconfigure/3.3.5/spring-boot-test-autoconfigure-3.3.5.jar:/Users/natalia.hernandez@digitalfemsa.com/.m2/repository/com/jayway/jsonpath/json-path/2.9.0/json-path-2.9.0.jar:/Users/natalia.hernandez@digitalfemsa.com/.m2/repository/org/slf4j/slf4j-api/2.0.16/slf4j-api-2.0.16.jar:/Users/natalia.hernandez@digitalfemsa.com/.m2/repository/jakarta/xml/bind/jakarta.xml.bind-api/4.0.2/jakarta.xml.bind-api-4.0.2.jar:/Users/natalia.hernandez@digitalfemsa.com/.m2/repository/jakarta/activation/jakarta.activation-api/2.1.3/jakarta.activation-api-2.1.3.jar:/Users/natalia.hernandez@digitalfemsa.com/.m2/repository/net/minidev/json-smart/2.5.1/json-smart-2.5.1.jar:/Users/natalia.hernandez@digitalfemsa.com/.m2/repository/net/minidev/accessors-smart/2.5.1/accessors-smart-2.5.1.jar:/Users/natalia.hernandez@digitalfemsa.com/.m2/repository/org/ow2/asm/asm/9.6/asm-9.6.jar:/Users/natalia.hernandez@digitalfemsa.com/.m2/repository/org/assertj/assertj-core/3.25.3/assertj-core-3.25.3.jar:/Users/natalia.hernandez@digitalfemsa.com/.m2/repository/net/bytebuddy/byte-buddy/1.14.19/byte-buddy-1.14.19.jar:/Users/natalia.hernandez@digitalfemsa.com/.m2/repository/org/awaitility/awaitility/4.2.2/awaitility-4.2.2.jar:/Users/natalia.hernandez@digitalfemsa.com/.m2/repository/org/hamcrest/hamcrest/2.2/hamcrest-2.2.jar:/Users/natalia.hernandez@digitalfemsa.com/.m2/repository/org/junit/jupiter/junit-jupiter/5.10.5/junit-jupiter-5.10.5.jar:/Users/natalia.hernandez@digitalfemsa.com/.m2/repository/org/junit/jupiter/junit-jupiter-api/5.10.5/junit-jupiter-api-5.10.5.jar:/Users/natalia.hernandez@digitalfemsa.com/.m2/repository/org/opentest4j/opentest4j/1.3.0/opentest4j-1.3.0.jar:/Users/natalia.hernandez@digitalfemsa.com/.m2/repository/org/junit/platform/junit-platform-commons/1.10.5/junit-platform-commons-1.10.5.jar:/Users/natalia.hernandez@digitalfemsa.com/.m2/repository/org/apiguardian/apiguardian-api/1.1.2/apiguardian-api-1.1.2.jar:/Users/natalia.hernandez@digitalfemsa.com/.m2/repository/org/junit/jupiter/junit-jupiter-params/5.10.5/junit-jupiter-params-5.10.5.jar:/Users/natalia.hernandez@digitalfemsa.com/.m2/repository/org/junit/jupiter/junit-jupiter-engine/5.10.5/junit-jupiter-engine-5.10.5.jar:/Users/natalia.hernandez@digitalfemsa.com/.m2/repository/org/junit/platform/junit-platform-engine/1.10.5/junit-platform-engine-1.10.5.jar:/Users/natalia.hernandez@digitalfemsa.com/.m2/repository/org/mockito/mockito-core/5.11.0/mockito-core-5.11.0.jar:/Users/natalia.hernandez@digitalfemsa.com/.m2/repository/net/bytebuddy/byte-buddy-agent/1.14.19/byte-buddy-agent-1.14.19.jar:/Users/natalia.hernandez@digitalfemsa.com/.m2/repository/org/objenesis/objenesis/3.3/objenesis-3.3.jar:/Users/natalia.hernandez@digitalfemsa.com/.m2/repository/org/mockito/mockito-junit-jupiter/5.11.0/mockito-junit-jupiter-5.11.0.jar:/Users/natalia.hernandez@digitalfemsa.com/.m2/repository/org/skyscreamer/jsonassert/1.5.3/jsonassert-1.5.3.jar:/Users/natalia.hernandez@digitalfemsa.com/.m2/repository/com/vaadin/external/google/android-json/0.0.20131108.vaadin1/android-json-0.0.20131108.vaadin1.jar:/Users/natalia.hernandez@digitalfemsa.com/.m2/repository/org/springframework/spring-core/6.1.14/spring-core-6.1.14.jar:/Users/natalia.hernandez@digitalfemsa.com/.m2/repository/org/springframework/spring-jcl/6.1.14/spring-jcl-6.1.14.jar:/Users/natalia.hernandez@digitalfemsa.com/.m2/repository/org/springframework/spring-test/6.1.14/spring-test-6.1.14.jar:/Users/natalia.hernandez@digitalfemsa.com/.m2/repository/org/xmlunit/xmlunit-core/2.9.1/xmlunit-core-2.9.1.jar:"/>
    <property name="sun.cpu.endian" value="little"/>
    <property name="user.home" value="/Users/natalia.hernandez@digitalfemsa.com"/>
    <property name="user.language" value="es"/>
    <property name="java.specification.vendor" value="Oracle Corporation"/>
    <property name="java.version.date" value="2023-04-18"/>
    <property name="java.home" value="/Library/Java/JavaVirtualMachines/jdk-17.jdk/Contents/Home"/>
    <property name="file.separator" value="/"/>
    <property name="basedir" value="/Users/natalia.hernandez@digitalfemsa.com/Library/CloudStorage/OneDrive-Digital@FEMSA/Proyectos/101 Bootcamp ironhack/demo"/>
    <property name="java.vm.compressedOopsMode" value="Zero based"/>
    <property name="line.separator" value="&#10;"/>
    <property name="java.vm.specification.vendor" value="Oracle Corporation"/>
    <property name="java.specification.name" value="Java Platform API Specification"/>
    <property name="surefire.real.class.path" value="/Users/natalia.hernandez@digitalfemsa.com/Library/CloudStorage/OneDrive-Digital@FEMSA/Proyectos/101 Bootcamp ironhack/demo/target/surefire/surefirebooter-20241030191611583_3.jar"/>
    <property name="sun.management.compiler" value="HotSpot 64-Bit Tiered Compilers"/>
    <property name="java.runtime.version" value="17.0.7+8-LTS-224"/>
    <property name="user.name" value="natalia.hernandez@digitalfemsa.com"/>
    <property name="path.separator" value=":"/>
    <property name="os.version" value="14.6.1"/>
    <property name="java.runtime.name" value="Java(TM) SE Runtime Environment"/>
    <property name="file.encoding" value="US-ASCII"/>
    <property name="java.vm.name" value="Java HotSpot(TM) 64-Bit Server VM"/>
    <property name="localRepository" value="/Users/natalia.hernandez@digitalfemsa.com/.m2/repository"/>
    <property name="java.vendor.url.bug" value="https://bugreport.java.com/bugreport/"/>
    <property name="java.io.tmpdir" value="/var/folders/3p/5kyhdh1n7tl1w80jrt4jg1vm0000gq/T/"/>
    <property name="idea.version" value="2024.2.0.2"/>
    <property name="java.version" value="17.0.7"/>
    <property name="user.dir" value="/Users/natalia.hernandez@digitalfemsa.com/Library/CloudStorage/OneDrive-Digital@FEMSA/Proyectos/101 Bootcamp ironhack/demo"/>
    <property name="os.arch" value="aarch64"/>
    <property name="java.vm.specification.name" value="Java Virtual Machine Specification"/>
    <property name="native.encoding" value="US-ASCII"/>
    <property name="java.library.path" value="/Users/natalia.hernandez@digitalfemsa.com/Library/Java/Extensions:/Library/Java/Extensions:/Network/Library/Java/Extensions:/System/Library/Java/Extensions:/usr/lib/java:."/>
    <property name="java.vm.info" value="mixed mode, sharing"/>
    <property name="java.vendor" value="Oracle Corporation"/>
    <property name="java.vm.version" value="17.0.7+8-LTS-224"/>
    <property name="sun.io.unicode.encoding" value="UnicodeBig"/>
    <property name="java.class.version" value="61.0"/>
  </properties>
  <testcase name="testSum_ShouldBeSuccesfully(Integer, Integer, Integer)[1]" classname="com.example.demo.CalculatorTest" time="0.021">
    <failure message="expected: &lt;false&gt; but was: &lt;true&gt;" type="org.opentest4j.AssertionFailedError"><![CDATA[org.opentest4j.AssertionFailedError: expected: <false> but was: <true>
	at org.junit.jupiter.api.AssertionFailureBuilder.build(AssertionFailureBuilder.java:151)
	at org.junit.jupiter.api.AssertionFailureBuilder.buildAndThrow(AssertionFailureBuilder.java:132)
	at org.junit.jupiter.api.AssertFalse.failNotFalse(AssertFalse.java:63)
	at org.junit.jupiter.api.AssertFalse.assertFalse(AssertFalse.java:36)
	at org.junit.jupiter.api.AssertFalse.assertFalse(AssertFalse.java:31)
	at org.junit.jupiter.api.Assertions.assertFalse(Assertions.java:231)
	at com.example.demo.CalculatorTest.testSum_ShouldBeSuccesfully(CalculatorTest.java:19)
	at java.base/java.lang.reflect.Method.invoke(Method.java:568)
	at java.base/java.util.stream.ForEachOps$ForEachOp$OfRef.accept(ForEachOps.java:183)
	at java.base/java.util.stream.ReferencePipeline$3$1.accept(ReferencePipeline.java:197)
	at java.base/java.util.stream.ReferencePipeline$2$1.accept(ReferencePipeline.java:179)
	at java.base/java.util.stream.ReferencePipeline$3$1.accept(ReferencePipeline.java:197)
	at java.base/java.util.stream.ForEachOps$ForEachOp$OfRef.accept(ForEachOps.java:183)
	at java.base/java.util.stream.ReferencePipeline$3$1.accept(ReferencePipeline.java:197)
	at java.base/java.util.stream.ReferencePipeline$3$1.accept(ReferencePipeline.java:197)
	at java.base/java.util.stream.ReferencePipeline$3$1.accept(ReferencePipeline.java:197)
	at java.base/java.util.ArrayList$ArrayListSpliterator.forEachRemaining(ArrayList.java:1625)
	at java.base/java.util.stream.ReferencePipeline$Head.forEach(ReferencePipeline.java:762)
	at java.base/java.util.stream.ReferencePipeline$7$1.accept(ReferencePipeline.java:276)
	at java.base/java.util.stream.ReferencePipeline$3$1.accept(ReferencePipeline.java:197)
	at java.base/java.util.stream.ReferencePipeline$3$1.accept(ReferencePipeline.java:197)
	at java.base/java.util.stream.ReferencePipeline$3$1.accept(ReferencePipeline.java:197)
	at java.base/java.util.ArrayList$ArrayListSpliterator.forEachRemaining(ArrayList.java:1625)
	at java.base/java.util.stream.AbstractPipeline.copyInto(AbstractPipeline.java:509)
	at java.base/java.util.stream.AbstractPipeline.wrapAndCopyInto(AbstractPipeline.java:499)
	at java.base/java.util.stream.ForEachOps$ForEachOp.evaluateSequential(ForEachOps.java:150)
	at java.base/java.util.stream.ForEachOps$ForEachOp$OfRef.evaluateSequential(ForEachOps.java:173)
	at java.base/java.util.stream.AbstractPipeline.evaluate(AbstractPipeline.java:234)
	at java.base/java.util.stream.ReferencePipeline.forEach(ReferencePipeline.java:596)
	at java.base/java.util.stream.ReferencePipeline$7$1.accept(ReferencePipeline.java:276)
	at java.base/java.util.ArrayList$ArrayListSpliterator.forEachRemaining(ArrayList.java:1625)
	at java.base/java.util.stream.AbstractPipeline.copyInto(AbstractPipeline.java:509)
	at java.base/java.util.stream.AbstractPipeline.wrapAndCopyInto(AbstractPipeline.java:499)
	at java.base/java.util.stream.ForEachOps$ForEachOp.evaluateSequential(ForEachOps.java:150)
	at java.base/java.util.stream.ForEachOps$ForEachOp$OfRef.evaluateSequential(ForEachOps.java:173)
	at java.base/java.util.stream.AbstractPipeline.evaluate(AbstractPipeline.java:234)
	at java.base/java.util.stream.ReferencePipeline.forEach(ReferencePipeline.java:596)
	at java.base/java.util.ArrayList.forEach(ArrayList.java:1511)
	at java.base/java.util.ArrayList.forEach(ArrayList.java:1511)
]]></failure>
  </testcase>
  <testcase name="testSum_ShouldBeSuccesfully(Integer, Integer, Integer)[2]" classname="com.example.demo.CalculatorTest" time="0.002">
    <failure message="expected: &lt;false&gt; but was: &lt;true&gt;" type="org.opentest4j.AssertionFailedError"><![CDATA[org.opentest4j.AssertionFailedError: expected: <false> but was: <true>
	at org.junit.jupiter.api.AssertionFailureBuilder.build(AssertionFailureBuilder.java:151)
	at org.junit.jupiter.api.AssertionFailureBuilder.buildAndThrow(AssertionFailureBuilder.java:132)
	at org.junit.jupiter.api.AssertFalse.failNotFalse(AssertFalse.java:63)
	at org.junit.jupiter.api.AssertFalse.assertFalse(AssertFalse.java:36)
	at org.junit.jupiter.api.AssertFalse.assertFalse(AssertFalse.java:31)
	at org.junit.jupiter.api.Assertions.assertFalse(Assertions.java:231)
	at com.example.demo.CalculatorTest.testSum_ShouldBeSuccesfully(CalculatorTest.java:19)
	at java.base/java.lang.reflect.Method.invoke(Method.java:568)
	at java.base/java.util.stream.ForEachOps$ForEachOp$OfRef.accept(ForEachOps.java:183)
	at java.base/java.util.stream.ReferencePipeline$3$1.accept(ReferencePipeline.java:197)
	at java.base/java.util.stream.ReferencePipeline$2$1.accept(ReferencePipeline.java:179)
	at java.base/java.util.stream.ReferencePipeline$3$1.accept(ReferencePipeline.java:197)
	at java.base/java.util.stream.ForEachOps$ForEachOp$OfRef.accept(ForEachOps.java:183)
	at java.base/java.util.stream.ReferencePipeline$3$1.accept(ReferencePipeline.java:197)
	at java.base/java.util.stream.ReferencePipeline$3$1.accept(ReferencePipeline.java:197)
	at java.base/java.util.stream.ReferencePipeline$3$1.accept(ReferencePipeline.java:197)
	at java.base/java.util.ArrayList$ArrayListSpliterator.forEachRemaining(ArrayList.java:1625)
	at java.base/java.util.stream.ReferencePipeline$Head.forEach(ReferencePipeline.java:762)
	at java.base/java.util.stream.ReferencePipeline$7$1.accept(ReferencePipeline.java:276)
	at java.base/java.util.stream.ReferencePipeline$3$1.accept(ReferencePipeline.java:197)
	at java.base/java.util.stream.ReferencePipeline$3$1.accept(ReferencePipeline.java:197)
	at java.base/java.util.stream.ReferencePipeline$3$1.accept(ReferencePipeline.java:197)
	at java.base/java.util.ArrayList$ArrayListSpliterator.forEachRemaining(ArrayList.java:1625)
	at java.base/java.util.stream.AbstractPipeline.copyInto(AbstractPipeline.java:509)
	at java.base/java.util.stream.AbstractPipeline.wrapAndCopyInto(AbstractPipeline.java:499)
	at java.base/java.util.stream.ForEachOps$ForEachOp.evaluateSequential(ForEachOps.java:150)
	at java.base/java.util.stream.ForEachOps$ForEachOp$OfRef.evaluateSequential(ForEachOps.java:173)
	at java.base/java.util.stream.AbstractPipeline.evaluate(AbstractPipeline.java:234)
	at java.base/java.util.stream.ReferencePipeline.forEach(ReferencePipeline.java:596)
	at java.base/java.util.stream.ReferencePipeline$7$1.accept(ReferencePipeline.java:276)
	at java.base/java.util.ArrayList$ArrayListSpliterator.forEachRemaining(ArrayList.java:1625)
	at java.base/java.util.stream.AbstractPipeline.copyInto(AbstractPipeline.java:509)
	at java.base/java.util.stream.AbstractPipeline.wrapAndCopyInto(AbstractPipeline.java:499)
	at java.base/java.util.stream.ForEachOps$ForEachOp.evaluateSequential(ForEachOps.java:150)
	at java.base/java.util.stream.ForEachOps$ForEachOp$OfRef.evaluateSequential(ForEachOps.java:173)
	at java.base/java.util.stream.AbstractPipeline.evaluate(AbstractPipeline.java:234)
	at java.base/java.util.stream.ReferencePipeline.forEach(ReferencePipeline.java:596)
	at java.base/java.util.ArrayList.forEach(ArrayList.java:1511)
	at java.base/java.util.ArrayList.forEach(ArrayList.java:1511)
]]></failure>
  </testcase>
  <testcase name="testSum_ShouldBeSuccesfully(Integer, Integer, Integer)[3]" classname="com.example.demo.CalculatorTest" time="0.001">
    <failure message="expected: &lt;false&gt; but was: &lt;true&gt;" type="org.opentest4j.AssertionFailedError"><![CDATA[org.opentest4j.AssertionFailedError: expected: <false> but was: <true>
	at org.junit.jupiter.api.AssertionFailureBuilder.build(AssertionFailureBuilder.java:151)
	at org.junit.jupiter.api.AssertionFailureBuilder.buildAndThrow(AssertionFailureBuilder.java:132)
	at org.junit.jupiter.api.AssertFalse.failNotFalse(AssertFalse.java:63)
	at org.junit.jupiter.api.AssertFalse.assertFalse(AssertFalse.java:36)
	at org.junit.jupiter.api.AssertFalse.assertFalse(AssertFalse.java:31)
	at org.junit.jupiter.api.Assertions.assertFalse(Assertions.java:231)
	at com.example.demo.CalculatorTest.testSum_ShouldBeSuccesfully(CalculatorTest.java:19)
	at java.base/java.lang.reflect.Method.invoke(Method.java:568)
	at java.base/java.util.stream.ForEachOps$ForEachOp$OfRef.accept(ForEachOps.java:183)
	at java.base/java.util.stream.ReferencePipeline$3$1.accept(ReferencePipeline.java:197)
	at java.base/java.util.stream.ReferencePipeline$2$1.accept(ReferencePipeline.java:179)
	at java.base/java.util.stream.ReferencePipeline$3$1.accept(ReferencePipeline.java:197)
	at java.base/java.util.stream.ForEachOps$ForEachOp$OfRef.accept(ForEachOps.java:183)
	at java.base/java.util.stream.ReferencePipeline$3$1.accept(ReferencePipeline.java:197)
	at java.base/java.util.stream.ReferencePipeline$3$1.accept(ReferencePipeline.java:197)
	at java.base/java.util.stream.ReferencePipeline$3$1.accept(ReferencePipeline.java:197)
	at java.base/java.util.ArrayList$ArrayListSpliterator.forEachRemaining(ArrayList.java:1625)
	at java.base/java.util.stream.ReferencePipeline$Head.forEach(ReferencePipeline.java:762)
	at java.base/java.util.stream.ReferencePipeline$7$1.accept(ReferencePipeline.java:276)
	at java.base/java.util.stream.ReferencePipeline$3$1.accept(ReferencePipeline.java:197)
	at java.base/java.util.stream.ReferencePipeline$3$1.accept(ReferencePipeline.java:197)
	at java.base/java.util.stream.ReferencePipeline$3$1.accept(ReferencePipeline.java:197)
	at java.base/java.util.ArrayList$ArrayListSpliterator.forEachRemaining(ArrayList.java:1625)
	at java.base/java.util.stream.AbstractPipeline.copyInto(AbstractPipeline.java:509)
	at java.base/java.util.stream.AbstractPipeline.wrapAndCopyInto(AbstractPipeline.java:499)
	at java.base/java.util.stream.ForEachOps$ForEachOp.evaluateSequential(ForEachOps.java:150)
	at java.base/java.util.stream.ForEachOps$ForEachOp$OfRef.evaluateSequential(ForEachOps.java:173)
	at java.base/java.util.stream.AbstractPipeline.evaluate(AbstractPipeline.java:234)
	at java.base/java.util.stream.ReferencePipeline.forEach(ReferencePipeline.java:596)
	at java.base/java.util.stream.ReferencePipeline$7$1.accept(ReferencePipeline.java:276)
	at java.base/java.util.ArrayList$ArrayListSpliterator.forEachRemaining(ArrayList.java:1625)
	at java.base/java.util.stream.AbstractPipeline.copyInto(AbstractPipeline.java:509)
	at java.base/java.util.stream.AbstractPipeline.wrapAndCopyInto(AbstractPipeline.java:499)
	at java.base/java.util.stream.ForEachOps$ForEachOp.evaluateSequential(ForEachOps.java:150)
	at java.base/java.util.stream.ForEachOps$ForEachOp$OfRef.evaluateSequential(ForEachOps.java:173)
	at java.base/java.util.stream.AbstractPipeline.evaluate(AbstractPipeline.java:234)
	at java.base/java.util.stream.ReferencePipeline.forEach(ReferencePipeline.java:596)
	at java.base/java.util.ArrayList.forEach(ArrayList.java:1511)
	at java.base/java.util.ArrayList.forEach(ArrayList.java:1511)
]]></failure>
  </testcase>
</testsuite>